-------------------------------------------------------------------------------
Test set: borg.timon.springbootpetclinic.SpringBootPetClinicApplicationTests
-------------------------------------------------------------------------------
Tests run: 1, Failures: 0, Errors: 1, Skipped: 0, Time elapsed: 0.215 s <<< FAILURE! - in borg.timon.springbootpetclinic.SpringBootPetClinicApplicationTests
borg.timon.springbootpetclinic.SpringBootPetClinicApplicationTests  Time elapsed: 0.214 s  <<< ERROR!
java.lang.IllegalStateException: Unable to find a @SpringBootConfiguration, you need to use @ContextConfiguration or @SpringBootTest(classes=...) with your test

